client/build/outputs/logs/manifest-merger-release-report.txt
-- Merging decision tree log ---
manifest
ADDED from src/main/AndroidManifest.xml:18:1-283:12
	package
		ADDED from src/main/AndroidManifest.xml:19:5-33
		INJECTED from src/main/AndroidManifest.xml
		INJECTED from src/main/AndroidManifest.xml
	android:sharedUserId
		ADDED from src/main/AndroidManifest.xml:20:5-46
	android:versionName
		INJECTED from src/main/AndroidManifest.xml
		INJECTED from src/main/AndroidManifest.xml
	xmlns:android
		ADDED from src/main/AndroidManifest.xml:18:11-69
	android:versionCode
		INJECTED from src/main/AndroidManifest.xml
		INJECTED from src/main/AndroidManifest.xml
uses-permission#android.permission.WAKE_LOCK
ADDED from src/main/AndroidManifest.xml:22:5-68
MERGED from [com.google.firebase:firebase-analytics:10.2.4] AndroidManifest.xml:22:5-67
MERGED from [com.google.firebase:firebase-analytics-impl:10.2.4] AndroidManifest.xml:22:5-67
MERGED from [com.google.firebase:firebase-iid:10.2.4] AndroidManifest.xml:21:5-67
	android:name
		ADDED from src/main/AndroidManifest.xml:22:22-65
uses-permission#com.android.launcher.permission.INSTALL_SHORTCUT
ADDED from src/main/AndroidManifest.xml:23:5-88
	android:name
		ADDED from src/main/AndroidManifest.xml:23:22-85
uses-permission#com.android.launcher.permission.UNINSTALL_SHORTCUT
ADDED from src/main/AndroidManifest.xml:24:5-90
	android:name
		ADDED from src/main/AndroidManifest.xml:24:22-87
uses-permission#android.permission.RECEIVE_BOOT_COMPLETED
ADDED from src/main/AndroidManifest.xml:25:5-81
	android:name
		ADDED from src/main/AndroidManifest.xml:25:22-78
uses-permission#android.permission.WRITE_EXTERNAL_STORAGE
ADDED from src/main/AndroidManifest.xml:26:5-81
	android:name
		ADDED from src/main/AndroidManifest.xml:26:22-78
uses-permission#org.wso2.iot.agent.permission.C2D_MESSAGE
ADDED from src/main/AndroidManifest.xml:27:5-81
MERGED from [com.google.firebase:firebase-iid:10.2.4] AndroidManifest.xml:26:5-78
	android:name
		ADDED from src/main/AndroidManifest.xml:27:22-78
uses-permission#android.permission.READ_PHONE_STATE
ADDED from src/main/AndroidManifest.xml:28:5-75
	android:name
		ADDED from src/main/AndroidManifest.xml:28:22-72
uses-permission#com.google.android.c2dm.permission.RECEIVE
ADDED from src/main/AndroidManifest.xml:29:5-82
MERGED from [com.google.firebase:firebase-iid:10.2.4] AndroidManifest.xml:22:5-81
	android:name
		ADDED from src/main/AndroidManifest.xml:29:22-79
uses-permission#android.permission.ACCESS_WIFI_STATE
ADDED from src/main/AndroidManifest.xml:30:5-76
	android:name
		ADDED from src/main/AndroidManifest.xml:30:22-73
uses-permission#android.permission.READ_LOGS
ADDED from src/main/AndroidManifest.xml:31:5-68
	android:name
		ADDED from src/main/AndroidManifest.xml:31:22-65
uses-permission#android.permission.ACCESS_GPS
ADDED from src/main/AndroidManifest.xml:32:5-69
	android:name
		ADDED from src/main/AndroidManifest.xml:32:22-66
uses-permission#android.permission.ACCESS_FINE_LOCATION
ADDED from src/main/AndroidManifest.xml:33:5-79
	android:name
		ADDED from src/main/AndroidManifest.xml:33:22-76
uses-permission#android.permisssion.ACCESS_COARSE_LOCATION
ADDED from src/main/AndroidManifest.xml:34:5-82
	android:name
		ADDED from src/main/AndroidManifest.xml:34:22-79
uses-permission#android.permission.INTERNET
ADDED from src/main/AndroidManifest.xml:36:5-67
MERGED from [com.google.firebase:firebase-analytics:10.2.4] AndroidManifest.xml:20:5-66
MERGED from [com.google.firebase:firebase-analytics-impl:10.2.4] AndroidManifest.xml:20:5-66
MERGED from [com.google.firebase:firebase-iid:10.2.4] AndroidManifest.xml:20:5-66
	android:name
		ADDED from src/main/AndroidManifest.xml:36:22-64
uses-permission#android.permission.GET_ACCOUNTS
ADDED from src/main/AndroidManifest.xml:37:5-71
	android:name
		ADDED from src/main/AndroidManifest.xml:37:22-68
uses-permission#android.permission.CHANGE_WIFI_STATE
ADDED from src/main/AndroidManifest.xml:38:5-76
	android:name
		ADDED from src/main/AndroidManifest.xml:38:22-73
uses-permission#android.permission.ACCESS_NETWORK_STATE
ADDED from src/main/AndroidManifest.xml:39:5-79
MERGED from [com.google.firebase:firebase-analytics:10.2.4] AndroidManifest.xml:21:5-78
MERGED from [com.google.firebase:firebase-analytics-impl:10.2.4] AndroidManifest.xml:21:5-78
MERGED from [com.google.firebase:firebase-iid:10.2.4] AndroidManifest.xml:19:5-78
	android:name
		ADDED from src/main/AndroidManifest.xml:39:22-76
uses-permission#android.permission.INTERACT_ACROSS_USERS
ADDED from src/main/AndroidManifest.xml:40:5-80
	android:name
		ADDED from src/main/AndroidManifest.xml:40:22-77
uses-permission#android.permission.GET_TASKS
ADDED from src/main/AndroidManifest.xml:41:5-68
	android:name
		ADDED from src/main/AndroidManifest.xml:41:22-65
uses-permission#android.permission.DOWNLOAD_WITHOUT_NOTIFICATION
ADDED from src/main/AndroidManifest.xml:42:5-88
	android:name
		ADDED from src/main/AndroidManifest.xml:42:22-85
uses-permission#org.wso2.iot.system.service.permission.ACCESS
ADDED from src/main/AndroidManifest.xml:43:5-85
	android:name
		ADDED from src/main/AndroidManifest.xml:43:22-82
uses-permission#org.wso2.iot.agent.permission.ACCESS
ADDED from src/main/AndroidManifest.xml:44:5-76
	android:name
		ADDED from src/main/AndroidManifest.xml:44:22-73
uses-permission#android.permission.READ_EXTERNAL_STORAGE
ADDED from src/main/AndroidManifest.xml:45:5-47:38
	android:maxSdkVersion
		ADDED from src/main/AndroidManifest.xml:47:9-35
	android:name
		ADDED from src/main/AndroidManifest.xml:46:9-64
permission#android.permission.REBOOT
ADDED from src/main/AndroidManifest.xml:49:5-60
	android:name
		ADDED from src/main/AndroidManifest.xml:49:17-57
permission#android.permission.READ_LOGS
ADDED from src/main/AndroidManifest.xml:50:5-63
	android:name
		ADDED from src/main/AndroidManifest.xml:50:17-60
permission#org.wso2.iot.agent.permission.ACCESS
ADDED from src/main/AndroidManifest.xml:51:5-53:47
	android:protectionLevel
		ADDED from src/main/AndroidManifest.xml:53:9-44
	android:name
		ADDED from src/main/AndroidManifest.xml:52:9-60
permission#org.wso2.iot.agent.permission.C2D_MESSAGE
ADDED from src/main/AndroidManifest.xml:54:5-56:47
MERGED from [com.google.firebase:firebase-iid:10.2.4] AndroidManifest.xml:24:5-109
	android:protectionLevel
		ADDED from src/main/AndroidManifest.xml:56:9-44
	android:name
		ADDED from src/main/AndroidManifest.xml:55:9-65
application
ADDED from src/main/AndroidManifest.xml:58:5-281:19
MERGED from [com.android.support:design:25.3.1] AndroidManifest.xml:29:5-20
MERGED from [com.android.support:appcompat-v7:25.3.1] AndroidManifest.xml:29:5-20
MERGED from [com.android.support:animated-vector-drawable:25.3.1] AndroidManifest.xml:26:5-20
MERGED from [com.android.support:support-vector-drawable:25.3.1] AndroidManifest.xml:26:5-20
MERGED from [com.android.support:transition:25.3.1] AndroidManifest.xml:26:5-20
MERGED from [com.google.firebase:firebase-core:10.2.4] AndroidManifest.xml:5:5-20
MERGED from [com.google.firebase:firebase-analytics:10.2.4] AndroidManifest.xml:24:5-33:19
MERGED from [com.google.firebase:firebase-analytics-impl:10.2.4] AndroidManifest.xml:24:5-28:19
MERGED from [com.google.firebase:firebase-messaging:10.2.4] AndroidManifest.xml:19:5-29:19
MERGED from [com.google.firebase:firebase-iid:10.2.4] AndroidManifest.xml:28:5-49:19
MERGED from [com.google.firebase:firebase-common:10.2.4] AndroidManifest.xml:4:5-7:19
MERGED from [com.google.android.gms:play-services-tasks:10.2.4] AndroidManifest.xml:4:5-19
MERGED from [com.google.android.gms:play-services-basement:10.2.4] AndroidManifest.xml:19:5-21:19
MERGED from [com.android.support:support-v4:25.3.1] AndroidManifest.xml:29:5-20
MERGED from [com.android.support:support-fragment:25.3.1] AndroidManifest.xml:29:5-20
MERGED from [com.android.support:support-media-compat:25.3.1] AndroidManifest.xml:29:5-20
MERGED from [com.android.support:support-core-ui:25.3.1] AndroidManifest.xml:29:5-20
MERGED from [com.android.support:support-core-utils:25.3.1] AndroidManifest.xml:29:5-20
MERGED from [com.android.support:support-compat:25.3.1] AndroidManifest.xml:29:5-20
MERGED from [com.android.support.constraint:constraint-layout:1.0.2] AndroidManifest.xml:9:5-20
MERGED from [com.android.volley:volley:1.0.0] AndroidManifest.xml:9:5-20
	android:label
		ADDED from src/main/AndroidManifest.xml:62:9-41
	android:allowBackup
		ADDED from src/main/AndroidManifest.xml:60:9-36
	android:icon
		ADDED from src/main/AndroidManifest.xml:61:9-45
	android:largeHeap
		ADDED from src/main/AndroidManifest.xml:63:9-33
	android:theme
		ADDED from src/main/AndroidManifest.xml:64:9-40
	android:name
		ADDED from src/main/AndroidManifest.xml:59:9-41
activity#org.wso2.iot.agent.activities.RegistrationActivity
ADDED from src/main/AndroidManifest.xml:65:9-69
	android:name
		ADDED from src/main/AndroidManifest.xml:65:19-66
activity#org.wso2.iot.agent.activities.DisplayDeviceInfoActivity
ADDED from src/main/AndroidManifest.xml:66:9-68:74
	android:label
		ADDED from src/main/AndroidManifest.xml:68:13-71
	android:name
		ADDED from src/main/AndroidManifest.xml:67:13-65
activity#org.wso2.iot.agent.EnableDeviceAdminActivity
ADDED from src/main/AndroidManifest.xml:69:9-72:74
	android:label
		ADDED from src/main/AndroidManifest.xml:72:13-71
	android:excludeFromRecents
		ADDED from src/main/AndroidManifest.xml:71:13-46
	android:name
		ADDED from src/main/AndroidManifest.xml:70:13-54
receiver#org.wso2.iot.agent.services.AgentDeviceAdminReceiver
ADDED from src/main/AndroidManifest.xml:74:9-88:20
	android:exported
		ADDED from src/main/AndroidManifest.xml:76:13-36
	android:permission
		ADDED from src/main/AndroidManifest.xml:77:13-70
	android:name
		ADDED from src/main/AndroidManifest.xml:75:13-62
intent-filter#android.app.action.DEVICE_ADMIN_ENABLED+android.app.action.PROFILE_PROVISIONING_COMPLETE
ADDED from src/main/AndroidManifest.xml:78:13-83:29
action#android.app.action.DEVICE_ADMIN_ENABLED
ADDED from src/main/AndroidManifest.xml:81:17-82
	android:name
		ADDED from src/main/AndroidManifest.xml:81:25-79
action#android.app.action.PROFILE_PROVISIONING_COMPLETE
ADDED from src/main/AndroidManifest.xml:82:17-91
	android:name
		ADDED from src/main/AndroidManifest.xml:82:25-88
meta-data#android.app.device_admin
ADDED from src/main/AndroidManifest.xml:85:13-87:62
	android:resource
		ADDED from src/main/AndroidManifest.xml:87:17-59
	android:name
		ADDED from src/main/AndroidManifest.xml:86:17-56
receiver#org.wso2.iot.agent.services.AlarmReceiver
ADDED from src/main/AndroidManifest.xml:89:9-60
	android:name
		ADDED from src/main/AndroidManifest.xml:89:19-57
receiver#org.wso2.iot.agent.events.EventAlarmReceiver
ADDED from src/main/AndroidManifest.xml:90:9-63
	android:name
		ADDED from src/main/AndroidManifest.xml:90:19-60
receiver#org.wso2.iot.agent.utils.FileUploadReceiver
ADDED from src/main/AndroidManifest.xml:91:9-62
	android:name
		ADDED from src/main/AndroidManifest.xml:91:19-59
receiver#org.wso2.iot.agent.utils.FileUploadCancelReceiver
ADDED from src/main/AndroidManifest.xml:92:9-68
	android:name
		ADDED from src/main/AndroidManifest.xml:92:19-65
receiver#org.wso2.iot.agent.services.AgentStartupReceiver
ADDED from src/main/AndroidManifest.xml:93:9-107:20
	android:enabled
		ADDED from src/main/AndroidManifest.xml:95:13-35
	android:exported
		ADDED from src/main/AndroidManifest.xml:96:13-36
	android:name
		ADDED from src/main/AndroidManifest.xml:94:13-58
intent-filter#android.intent.action.ACTION_POWER_CONNECTED+android.intent.action.BOOT_COMPLETED+android.intent.action.QUICKBOOT_POWERON+android.intent.category.DEFAULT+android.net.conn.CONNECTIVITY_CHANGE+org.ws2.iot.agent.APPLICATION_CRASHED+org.ws2.iot.agent.APPLICATION_UPDATED
ADDED from src/main/AndroidManifest.xml:97:13-106:29
action#android.intent.action.BOOT_COMPLETED
ADDED from src/main/AndroidManifest.xml:98:17-79
	android:name
		ADDED from src/main/AndroidManifest.xml:98:25-76
action#android.intent.action.QUICKBOOT_POWERON
ADDED from src/main/AndroidManifest.xml:99:17-82
	android:name
		ADDED from src/main/AndroidManifest.xml:99:25-79
action#android.intent.action.ACTION_POWER_CONNECTED
ADDED from src/main/AndroidManifest.xml:100:17-87
	android:name
		ADDED from src/main/AndroidManifest.xml:100:25-84
action#android.net.conn.CONNECTIVITY_CHANGE
ADDED from src/main/AndroidManifest.xml:101:17-79
	android:name
		ADDED from src/main/AndroidManifest.xml:101:25-76
action#org.ws2.iot.agent.APPLICATION_UPDATED
ADDED from src/main/AndroidManifest.xml:102:17-80
	android:name
		ADDED from src/main/AndroidManifest.xml:102:25-77
action#org.ws2.iot.agent.APPLICATION_CRASHED
ADDED from src/main/AndroidManifest.xml:103:17-80
	android:name
		ADDED from src/main/AndroidManifest.xml:103:25-77
category#android.intent.category.DEFAULT
ADDED from src/main/AndroidManifest.xml:105:17-76
	android:name
		ADDED from src/main/AndroidManifest.xml:105:27-73
receiver#org.wso2.iot.agent.services.NetworkConnectedReceiver
ADDED from src/main/AndroidManifest.xml:108:9-116:20
	android:enabled
		ADDED from src/main/AndroidManifest.xml:110:13-35
	android:exported
		ADDED from src/main/AndroidManifest.xml:111:13-37
	android:name
		ADDED from src/main/AndroidManifest.xml:109:13-62
intent-filter#android.net.conn.CONNECTIVITY_CHANGE+android.net.wifi.WIFI_STATE_CHANGED
ADDED from src/main/AndroidManifest.xml:112:13-115:29
action#android.net.wifi.WIFI_STATE_CHANGED
ADDED from src/main/AndroidManifest.xml:113:17-78
	android:name
		ADDED from src/main/AndroidManifest.xml:113:25-75
receiver#org.wso2.iot.agent.services.NotificationReceiver
ADDED from src/main/AndroidManifest.xml:117:9-123:20
	android:exported
		ADDED from src/main/AndroidManifest.xml:119:13-37
	android:name
		ADDED from src/main/AndroidManifest.xml:118:13-58
intent-filter#android.intent.category.DEFAULT
ADDED from src/main/AndroidManifest.xml:120:13-122:29
receiver#org.wso2.iot.agent.services.SystemServiceResponseReceiver
ADDED from src/main/AndroidManifest.xml:124:9-130:20
	android:exported
		ADDED from src/main/AndroidManifest.xml:126:13-37
	android:name
		ADDED from src/main/AndroidManifest.xml:125:13-67
receiver#org.wso2.iot.agent.events.listeners.ApplicationStateListener
ADDED from src/main/AndroidManifest.xml:131:9-140:20
	android:name
		ADDED from src/main/AndroidManifest.xml:131:19-76
intent-filter#android.intent.action.PACKAGE_ADDED+android.intent.action.PACKAGE_DATA_CLEARED+android.intent.action.PACKAGE_REMOVED+android.intent.action.PACKAGE_REPLACED
ADDED from src/main/AndroidManifest.xml:132:13-139:29
action#android.intent.action.PACKAGE_ADDED
ADDED from src/main/AndroidManifest.xml:133:17-78
	android:name
		ADDED from src/main/AndroidManifest.xml:133:25-75
action#android.intent.action.PACKAGE_REMOVED
ADDED from src/main/AndroidManifest.xml:134:17-80
	android:name
		ADDED from src/main/AndroidManifest.xml:134:25-77
action#android.intent.action.PACKAGE_REPLACED
ADDED from src/main/AndroidManifest.xml:135:17-81
	android:name
		ADDED from src/main/AndroidManifest.xml:135:25-78
action#android.intent.action.PACKAGE_DATA_CLEARED
ADDED from src/main/AndroidManifest.xml:136:17-85
	android:name
		ADDED from src/main/AndroidManifest.xml:136:25-82
data
ADDED from src/main/AndroidManifest.xml:138:17-50
	android:scheme
		ADDED from src/main/AndroidManifest.xml:138:23-47
receiver#org.wso2.iot.agent.events.listeners.KioskAppInstallationListener
ADDED from src/main/AndroidManifest.xml:141:9-149:20
	android:enabled
		ADDED from src/main/AndroidManifest.xml:143:13-36
	android:name
		ADDED from src/main/AndroidManifest.xml:142:13-74
intent-filter#android.intent.action.PACKAGE_ADDED
ADDED from src/main/AndroidManifest.xml:144:13-148:29
service#org.wso2.iot.agent.services.FileUploadService
ADDED from src/main/AndroidManifest.xml:151:9-63
	android:name
		ADDED from src/main/AndroidManifest.xml:151:18-60
service#org.wso2.iot.agent.services.FileDownloadService
ADDED from src/main/AndroidManifest.xml:152:9-65
	android:name
		ADDED from src/main/AndroidManifest.xml:152:18-62
service#org.wso2.iot.agent.services.ApplicationManagementService
ADDED from src/main/AndroidManifest.xml:153:9-161:19
	android:enabled
		ADDED from src/main/AndroidManifest.xml:155:13-35
	android:exported
		ADDED from src/main/AndroidManifest.xml:156:13-36
	android:permission
		ADDED from src/main/AndroidManifest.xml:157:13-70
	android:name
		ADDED from src/main/AndroidManifest.xml:154:13-66
intent-filter#org.wso2.iot.agent.START_SERVICE
ADDED from src/main/AndroidManifest.xml:158:13-160:29
action#org.wso2.iot.agent.START_SERVICE
ADDED from src/main/AndroidManifest.xml:159:17-75
	android:name
		ADDED from src/main/AndroidManifest.xml:159:25-72
service#org.wso2.iot.agent.services.EnrollmentService
ADDED from src/main/AndroidManifest.xml:162:9-170:19
	android:enabled
		ADDED from src/main/AndroidManifest.xml:164:13-35
	android:exported
		ADDED from src/main/AndroidManifest.xml:165:13-36
	android:permission
		ADDED from src/main/AndroidManifest.xml:166:13-70
	android:name
		ADDED from src/main/AndroidManifest.xml:163:13-55
intent-filter#org.wso2.iot.agent.enrollment.START_SERVICE
ADDED from src/main/AndroidManifest.xml:167:13-169:29
action#org.wso2.iot.agent.enrollment.START_SERVICE
ADDED from src/main/AndroidManifest.xml:168:17-86
	android:name
		ADDED from src/main/AndroidManifest.xml:168:25-83
service#org.wso2.iot.agent.FCMMessagingService
ADDED from src/main/AndroidManifest.xml:171:9-175:19
	android:name
		ADDED from src/main/AndroidManifest.xml:171:18-53
intent-filter#com.google.firebase.MESSAGING_EVENT
ADDED from src/main/AndroidManifest.xml:172:13-174:29
action#com.google.firebase.MESSAGING_EVENT
ADDED from src/main/AndroidManifest.xml:173:17-78
	android:name
		ADDED from src/main/AndroidManifest.xml:173:25-75
service#org.wso2.iot.agent.services.VPNService
ADDED from src/main/AndroidManifest.xml:176:9-182:19
	android:permission
		ADDED from src/main/AndroidManifest.xml:178:13-69
	android:name
		ADDED from src/main/AndroidManifest.xml:177:13-48
intent-filter#android.net.VpnService
ADDED from src/main/AndroidManifest.xml:179:13-181:29
action#android.net.VpnService
ADDED from src/main/AndroidManifest.xml:180:17-65
	android:name
		ADDED from src/main/AndroidManifest.xml:180:25-62
service#org.wso2.iot.agent.services.location.LocationService
ADDED from src/main/AndroidManifest.xml:183:9-185:38
	android:enabled
		ADDED from src/main/AndroidManifest.xml:185:13-35
	android:name
		ADDED from src/main/AndroidManifest.xml:184:13-62
service#org.wso2.iot.agent.services.NetworkInfoService
ADDED from src/main/AndroidManifest.xml:186:9-188:38
	android:enabled
		ADDED from src/main/AndroidManifest.xml:188:13-35
	android:name
		ADDED from src/main/AndroidManifest.xml:187:13-56
service#org.wso2.iot.agent.services.kiosk.KioskLockDownService
ADDED from src/main/AndroidManifest.xml:189:9-72
	android:name
		ADDED from src/main/AndroidManifest.xml:189:18-69
service#org.wso2.iot.agent.services.kiosk.KioskUnlockService
ADDED from src/main/AndroidManifest.xml:191:9-70
	android:name
		ADDED from src/main/AndroidManifest.xml:191:18-67
service#org.wso2.iot.agent.services.kiosk.KioskMsgAlarmService
ADDED from src/main/AndroidManifest.xml:192:9-193:37
	android:enabled
		ADDED from src/main/AndroidManifest.xml:193:13-35
	android:name
		ADDED from src/main/AndroidManifest.xml:192:18-69
activity#org.wso2.iot.agent.activities.AlreadyRegisteredActivity
ADDED from src/main/AndroidManifest.xml:195:9-74
	android:name
		ADDED from src/main/AndroidManifest.xml:195:19-71
activity#org.wso2.iot.agent.activities.AuthenticationActivity
ADDED from src/main/AndroidManifest.xml:196:9-198:71
	android:windowSoftInputMode
		ADDED from src/main/AndroidManifest.xml:198:13-68
	android:name
		ADDED from src/main/AndroidManifest.xml:197:13-62
activity#org.wso2.iot.agent.AuthenticationErrorActivity
ADDED from src/main/AndroidManifest.xml:199:9-201:52
	android:screenOrientation
		ADDED from src/main/AndroidManifest.xml:201:13-49
	android:name
		ADDED from src/main/AndroidManifest.xml:200:13-56
activity#org.wso2.iot.agent.activities.ServerConfigsActivity
ADDED from src/main/AndroidManifest.xml:202:9-70
	android:name
		ADDED from src/main/AndroidManifest.xml:202:19-67
activity#org.wso2.iot.agent.activities.DisclaimerActivity
ADDED from src/main/AndroidManifest.xml:203:9-205:77
	android:configChanges
		ADDED from src/main/AndroidManifest.xml:205:13-74
	android:name
		ADDED from src/main/AndroidManifest.xml:204:13-58
activity#org.wso2.iot.agent.activities.PinCodeActivity
ADDED from src/main/AndroidManifest.xml:206:9-208:71
	android:windowSoftInputMode
		ADDED from src/main/AndroidManifest.xml:208:13-68
	android:name
		ADDED from src/main/AndroidManifest.xml:207:13-55
activity#org.wso2.iot.agent.AlertActivity
ADDED from src/main/AndroidManifest.xml:209:9-212:76
	android:screenOrientation
		ADDED from src/main/AndroidManifest.xml:211:13-49
	android:theme
		ADDED from src/main/AndroidManifest.xml:212:13-73
	android:name
		ADDED from src/main/AndroidManifest.xml:210:13-42
activity#org.wso2.iot.agent.LockActivity
ADDED from src/main/AndroidManifest.xml:213:9-216:59
	android:label
		ADDED from src/main/AndroidManifest.xml:216:13-56
	android:configChanges
		ADDED from src/main/AndroidManifest.xml:215:13-74
	android:name
		ADDED from src/main/AndroidManifest.xml:214:13-41
activity#org.wso2.iot.agent.activities.EnableProfileActivity
ADDED from src/main/AndroidManifest.xml:218:9-220:48
	android:label
		ADDED from src/main/AndroidManifest.xml:220:13-45
	android:name
		ADDED from src/main/AndroidManifest.xml:219:13-61
activity#org.wso2.iot.agent.WorkProfileManager
ADDED from src/main/AndroidManifest.xml:221:9-224:52
	android:screenOrientation
		ADDED from src/main/AndroidManifest.xml:224:13-49
	android:label
		ADDED from src/main/AndroidManifest.xml:223:13-58
	android:name
		ADDED from src/main/AndroidManifest.xml:222:13-47
activity#org.wso2.iot.agent.activities.WorkProfileSelectionActivity
ADDED from src/main/AndroidManifest.xml:225:9-77
	android:name
		ADDED from src/main/AndroidManifest.xml:225:19-74
activity#org.wso2.iot.agent.AppLockActivity
ADDED from src/main/AndroidManifest.xml:226:9-230:74
	android:screenOrientation
		ADDED from src/main/AndroidManifest.xml:229:13-49
	android:label
		ADDED from src/main/AndroidManifest.xml:228:13-57
	android:theme
		ADDED from src/main/AndroidManifest.xml:230:13-71
	android:name
		ADDED from src/main/AndroidManifest.xml:227:13-44
service#org.wso2.iot.agent.services.AppLockService
ADDED from src/main/AndroidManifest.xml:232:9-235:73
	android:exported
		ADDED from src/main/AndroidManifest.xml:234:13-37
	android:permission
		ADDED from src/main/AndroidManifest.xml:235:13-70
	android:name
		ADDED from src/main/AndroidManifest.xml:233:13-52
service#org.wso2.iot.agent.InstanceIDListenerService
ADDED from src/main/AndroidManifest.xml:236:9-240:19
	android:name
		ADDED from src/main/AndroidManifest.xml:236:18-59
intent-filter#com.google.firebase.INSTANCE_ID_EVENT
ADDED from src/main/AndroidManifest.xml:237:13-239:29
action#com.google.firebase.INSTANCE_ID_EVENT
ADDED from src/main/AndroidManifest.xml:238:17-80
	android:name
		ADDED from src/main/AndroidManifest.xml:238:25-77
activity#org.wso2.iot.agent.KioskActivity
ADDED from src/main/AndroidManifest.xml:242:9-244:74
	android:theme
		ADDED from src/main/AndroidManifest.xml:244:13-71
	android:name
		ADDED from src/main/AndroidManifest.xml:243:13-42
activity#org.wso2.iot.agent.activities.SplashActivity
ADDED from src/main/AndroidManifest.xml:245:9-255:20
	android:label
		ADDED from src/main/AndroidManifest.xml:248:13-45
	android:configChanges
		ADDED from src/main/AndroidManifest.xml:247:13-74
	android:theme
		ADDED from src/main/AndroidManifest.xml:249:13-51
	android:name
		ADDED from src/main/AndroidManifest.xml:246:13-54
intent-filter#android.intent.action.MAIN+android.intent.category.LAUNCHER
ADDED from src/main/AndroidManifest.xml:250:13-254:29
action#android.intent.action.MAIN
ADDED from src/main/AndroidManifest.xml:251:17-69
	android:name
		ADDED from src/main/AndroidManifest.xml:251:25-66
category#android.intent.category.LAUNCHER
ADDED from src/main/AndroidManifest.xml:253:17-77
	android:name
		ADDED from src/main/AndroidManifest.xml:253:27-74
activity#org.wso2.iot.agent.activities.KioskRestrictionActivity
ADDED from src/main/AndroidManifest.xml:257:9-259:74
	android:theme
		ADDED from src/main/AndroidManifest.xml:259:13-71
	android:name
		ADDED from src/main/AndroidManifest.xml:258:13-64
receiver#org.wso2.iot.agent.services.LocationUpdateReceiver
ADDED from src/main/AndroidManifest.xml:261:9-268:20
	android:enabled
		ADDED from src/main/AndroidManifest.xml:263:13-35
	android:exported
		ADDED from src/main/AndroidManifest.xml:264:13-36
	android:name
		ADDED from src/main/AndroidManifest.xml:262:13-60
intent-filter#org.ws2.iot.agent.LOCATION_UPDATE
ADDED from src/main/AndroidManifest.xml:265:13-267:29
action#org.ws2.iot.agent.LOCATION_UPDATE
ADDED from src/main/AndroidManifest.xml:266:17-76
	android:name
		ADDED from src/main/AndroidManifest.xml:266:25-73
receiver#org.wso2.iot.agent.services.kiosk.KioskAlarmReceiver
ADDED from src/main/AndroidManifest.xml:269:9-80
	android:name
		ADDED from src/main/AndroidManifest.xml:269:19-68
provider#android.support.v4.content.FileProvider
ADDED from src/main/AndroidManifest.xml:272:9-280:20
	android:authorities
		ADDED from src/main/AndroidManifest.xml:274:13-60
		INJECTED from src/main/AndroidManifest.xml
	android:grantUriPermissions
		ADDED from src/main/AndroidManifest.xml:276:13-47
	android:exported
		ADDED from src/main/AndroidManifest.xml:275:13-37
	android:name
		ADDED from src/main/AndroidManifest.xml:273:13-67
meta-data#android.support.FILE_PROVIDER_PATHS
ADDED from src/main/AndroidManifest.xml:277:13-279:58
	android:resource
		ADDED from src/main/AndroidManifest.xml:279:17-55
	android:name
		ADDED from src/main/AndroidManifest.xml:278:17-67
uses-sdk
INJECTED from src/main/AndroidManifest.xml reason: use-sdk injection requested
MERGED from [com.android.support:multidex:1.0.1] AndroidManifest.xml:18:5-42
MERGED from [com.android.support:design:25.3.1] AndroidManifest.xml:21:5-23:62
MERGED from [com.android.support:appcompat-v7:25.3.1] AndroidManifest.xml:21:5-23:78
MERGED from [com.android.support:animated-vector-drawable:25.3.1] AndroidManifest.xml:20:5-44
MERGED from [com.android.support:support-vector-drawable:25.3.1] AndroidManifest.xml:20:5-43
MERGED from [com.android.support:recyclerview-v7:25.3.1] AndroidManifest.xml:20:5-43
MERGED from [com.android.support:transition:25.3.1] AndroidManifest.xml:20:5-44
MERGED from [com.google.firebase:firebase-core:10.2.4] AndroidManifest.xml:4:5-43
MERGED from [com.google.firebase:firebase-analytics:10.2.4] AndroidManifest.xml:17:5-43
MERGED from [com.google.firebase:firebase-analytics-impl:10.2.4] AndroidManifest.xml:17:5-43
MERGED from [com.google.firebase:firebase-messaging:10.2.4] AndroidManifest.xml:17:5-43
MERGED from [com.google.firebase:firebase-iid:10.2.4] AndroidManifest.xml:17:5-43
MERGED from [com.google.firebase:firebase-common:10.2.4] AndroidManifest.xml:3:5-43
MERGED from [com.google.android.gms:play-services-tasks:10.2.4] AndroidManifest.xml:3:5-43
MERGED from [com.google.android.gms:play-services-basement:10.2.4] AndroidManifest.xml:17:5-43
MERGED from [com.android.support:support-v4:25.3.1] AndroidManifest.xml:21:5-23:54
MERGED from [com.android.support:support-fragment:25.3.1] AndroidManifest.xml:21:5-23:60
MERGED from [com.android.support:support-media-compat:25.3.1] AndroidManifest.xml:21:5-23:63
MERGED from [com.android.support:support-core-ui:25.3.1] AndroidManifest.xml:21:5-23:58
MERGED from [com.android.support:support-core-utils:25.3.1] AndroidManifest.xml:21:5-23:61
MERGED from [com.android.support:support-compat:25.3.1] AndroidManifest.xml:21:5-23:58
MERGED from [com.android.support.constraint:constraint-layout:1.0.2] AndroidManifest.xml:5:5-7:41
MERGED from [client:iDPProxy:unspecified:release] AndroidManifest.xml:24:5-26:41
MERGED from [com.android.volley:volley:1.0.0] AndroidManifest.xml:7:5-43
	tools:overrideLibrary
		ADDED from [com.android.support:design:25.3.1] AndroidManifest.xml:23:9-59
	android:targetSdkVersion
		INJECTED from src/main/AndroidManifest.xml
		INJECTED from src/main/AndroidManifest.xml
	android:minSdkVersion
		INJECTED from src/main/AndroidManifest.xml
		INJECTED from src/main/AndroidManifest.xml
meta-data#android.support.VERSION
ADDED from [com.android.support:design:25.3.1] AndroidManifest.xml:25:5-27:34
MERGED from [com.android.support:appcompat-v7:25.3.1] AndroidManifest.xml:25:5-27:34
MERGED from [com.android.support:animated-vector-drawable:25.3.1] AndroidManifest.xml:22:5-24:34
MERGED from [com.android.support:support-vector-drawable:25.3.1] AndroidManifest.xml:22:5-24:34
MERGED from [com.android.support:recyclerview-v7:25.3.1] AndroidManifest.xml:22:5-24:34
MERGED from [com.android.support:transition:25.3.1] AndroidManifest.xml:22:5-24:34
MERGED from [com.android.support:support-v4:25.3.1] AndroidManifest.xml:25:5-27:34
MERGED from [com.android.support:support-fragment:25.3.1] AndroidManifest.xml:25:5-27:34
MERGED from [com.android.support:support-media-compat:25.3.1] AndroidManifest.xml:25:5-27:34
MERGED from [com.android.support:support-core-ui:25.3.1] AndroidManifest.xml:25:5-27:34
MERGED from [com.android.support:support-core-utils:25.3.1] AndroidManifest.xml:25:5-27:34
MERGED from [com.android.support:support-compat:25.3.1] AndroidManifest.xml:25:5-27:34
	android:value
		ADDED from [com.android.support:design:25.3.1] AndroidManifest.xml:27:9-31
	android:name
		ADDED from [com.android.support:design:25.3.1] AndroidManifest.xml:26:9-47
receiver#com.google.android.gms.measurement.AppMeasurementReceiver
ADDED from [com.google.firebase:firebase-analytics:10.2.4] AndroidManifest.xml:25:7-26:18
MERGED from [com.google.firebase:firebase-analytics-impl:10.2.4] AndroidManifest.xml:25:7-26:18
	android:enabled
		ADDED from [com.google.firebase:firebase-analytics:10.2.4] AndroidManifest.xml:25:90-112